Arguments: 
  C:\Program Files\nodejs\node.exe C:\Users\AJIOZ\AppData\Roaming\npm\node_modules\yarn\bin\yarn.js

PATH: 
  C:\Program Files\Common Files\Oracle\Java\javapath;C:\WINDOWS\system32;C:\WINDOWS;C:\WINDOWS\System32\Wbem;C:\WINDOWS\System32\WindowsPowerShell\v1.0\;C:\WINDOWS\System32\OpenSSH\;C:\Program Files\Git\cmd;C:\Users\AJIOZ\cmake-3.20.0-windows-x86_64\cmake-3.20.0-windows-x86_64\bin;C:\Program Files\MySQL\MySQL Server 8.0\bin;C:\Program Files\MongoDB\Server\5.0\bin;C:\Users\AJIOZ\AppData\Roaming\nvm;C:\Program Files\nodejs;C:\Program Files\PostgreSQL\14\bin;C:\Program Files\PostgreSQL\14\lib;C:\ProgramData\chocolatey\bin;C:\Program Files\Amazon\AWSCLIV2\;C:\minikube;C:\Program Files\Docker\Docker\resources\bin;C:\ProgramData\DockerDesktop\version-bin;C:\Program Files\dotnet\;C:\MinGW\bin;C:\Program Files\MySQL\MySQL Shell 8.0\bin\;C:\Users\AJIOZ\AppData\Local\Programs\Python\Python39\Scripts\;C:\Users\AJIOZ\AppData\Local\Programs\Python\Python39\;C:\Users\AJIOZ\AppData\Local\Microsoft\WindowsApps;C:\Users\AJIOZ\AppData\Roaming\npm;C:\Users\AJIOZ\AppData\Local\Programs\Microsoft VS Code\bin;C:\Program Files\JetBrains\PyCharm 2020.3.3\bin;;C:\Program Files\JetBrains\PyCharm Community Edition 2021.1\bin;;C:\Program Files\heroku\bin;C:\Program Files\MongoDB\Server\5.0\bin;C:\Users\AJIOZ\AppData\Roaming\nvm;C:\Program Files\nodejs;C:\Users\AJIOZ\AppData\Local\GitHubDesktop\bin

Yarn version: 
  1.22.11

Node version: 
  12.22.12

Platform: 
  win32 x64

Trace: 
  Error: read ECONNRESET
      at TLSWrap.onStreamRead (internal/stream_base_commons.js:209:20)

npm manifest: 
  {
    "name": "new",
    "version": "0.1.0",
    "private": true,
    "dependencies": {
      "@emotion/react": "^11.10.4",
      "@emotion/styled": "^11.10.4",
      "@fontsource/roboto": "^4.5.8",
      "@mui/system": "^5.4.2",
      "@mui/core": "^5.0.0-alpha.54",
      "@mui/icons-material": "^5.4.2",
      "@mui/material": "^5.10.6",
      "@mui/styles": "^5.4.2",
      "@mui/x-data-grid": "^5.6.0",
      "@reduxjs/toolkit": "^1.8.5",
      "@testing-library/jest-dom": "^5.11.4",
      "@testing-library/react": "^11.1.0",
      "@testing-library/user-event": "^12.1.10",
      "apexcharts": "^3.35.5",
      "react": "^17.0.2",
      "react-apexcharts": "^1.4.0",
      "react-dom": "^17.0.2",
      "react-router-dom": "6",
      "react-scripts": "4.0.3",
      "recharts": "^2.1.9",
      "sass": "^1.55.0",
      "web-vitals": "^1.0.1"
    },
    "scripts": {
      "start": "react-scripts start",
      "build": "react-scripts build",
      "test": "react-scripts test",
      "eject": "react-scripts eject"
    },
    "eslintConfig": {
      "extends": [
        "react-app",
        "react-app/jest"
      ]
    },
    "browserslist": {
      "production": [
        ">0.2%",
        "not dead",
        "not op_mini all"
      ],
      "development": [
        "last 1 chrome version",
        "last 1 firefox version",
        "last 1 safari version"
      ]
    }
  }

yarn manifest: 
  No manifest

Lockfile: 
  No lockfile
